c:\users\deepika\desktop\paralleldependencyanalyzer\paralleldependencyexecutive\x64\debug\vc140.pdb
c:\users\deepika\desktop\paralleldependencyanalyzer\paralleldependencyexecutive\x64\debug\vc140.idb
c:\users\deepika\desktop\paralleldependencyanalyzer\paralleldependencyexecutive\x64\debug\astnode.obj
c:\users\deepika\desktop\paralleldependencyanalyzer\paralleldependencyexecutive\x64\debug\astree.obj
c:\users\deepika\desktop\paralleldependencyanalyzer\paralleldependencyexecutive\x64\debug\filemgr.obj
c:\users\deepika\desktop\paralleldependencyanalyzer\paralleldependencyexecutive\x64\debug\filesystem.obj
c:\users\deepika\desktop\paralleldependencyanalyzer\paralleldependencyexecutive\x64\debug\paralleldependencyanalysis.obj
c:\users\deepika\desktop\paralleldependencyanalyzer\paralleldependencyexecutive\x64\debug\actionsandrules.obj
c:\users\deepika\desktop\paralleldependencyanalyzer\paralleldependencyexecutive\x64\debug\configureparser.obj
c:\users\deepika\desktop\paralleldependencyanalyzer\paralleldependencyexecutive\x64\debug\parser.obj
c:\users\deepika\desktop\paralleldependencyanalyzer\paralleldependencyexecutive\x64\debug\scopestack.obj
c:\users\deepika\desktop\paralleldependencyanalyzer\paralleldependencyexecutive\x64\debug\semiexp.obj
c:\users\deepika\desktop\paralleldependencyanalyzer\paralleldependencyexecutive\x64\debug\task.obj
c:\users\deepika\desktop\paralleldependencyanalyzer\paralleldependencyexecutive\x64\debug\threadpool.obj
c:\users\deepika\desktop\paralleldependencyanalyzer\paralleldependencyexecutive\x64\debug\tokenizer.obj
c:\users\deepika\desktop\paralleldependencyanalyzer\paralleldependencyexecutive\x64\debug\typeanalysis.obj
c:\users\deepika\desktop\paralleldependencyanalyzer\paralleldependencyexecutive\x64\debug\utilities.obj
c:\users\deepika\desktop\paralleldependencyanalyzer\paralleldependencyexecutive\x64\debug\paralleldependencyexecutive.obj
c:\users\deepika\desktop\paralleldependencyanalyzer\x64\debug\paralleldependencyexecutive.ilk
c:\users\deepika\desktop\paralleldependencyanalyzer\x64\debug\paralleldependencyexecutive.exe
c:\users\deepika\desktop\paralleldependencyanalyzer\x64\debug\paralleldependencyexecutive.pdb
c:\users\deepika\desktop\paralleldependencyanalyzer\paralleldependencyexecutive\x64\debug\parallel.a87561e3.tlog\cl.command.1.tlog
c:\users\deepika\desktop\paralleldependencyanalyzer\paralleldependencyexecutive\x64\debug\parallel.a87561e3.tlog\cl.read.1.tlog
c:\users\deepika\desktop\paralleldependencyanalyzer\paralleldependencyexecutive\x64\debug\parallel.a87561e3.tlog\cl.write.1.tlog
c:\users\deepika\desktop\paralleldependencyanalyzer\paralleldependencyexecutive\x64\debug\parallel.a87561e3.tlog\link.command.1.tlog
c:\users\deepika\desktop\paralleldependencyanalyzer\paralleldependencyexecutive\x64\debug\parallel.a87561e3.tlog\link.read.1.tlog
c:\users\deepika\desktop\paralleldependencyanalyzer\paralleldependencyexecutive\x64\debug\parallel.a87561e3.tlog\link.write.1.tlog
